<?xml version="1.0" encoding="UTF-8"?>
<!-- Generated by org.testng.reporters.JUnitXMLReporter -->
<testsuite hostname="LEON-LT-181010E" name="Default test" tests="5" failures="0" timestamp="16 Apr 2019 20:10:38 GMT" time="53.211" errors="0">
  <testcase name="Logintest" time="6.406" classname="Test.TestExecution"/>
  <testcase name="Searchtest" time="14.604" classname="Test.TestExecution"/>
  <testcase name="CartTest" time="0.031" classname="Test.TestExecution"/>
  <testcase name="SearchAnotherProductTest" time="10.758" classname="Test.TestExecution"/>
  <testcase name="DeleteCartTest" time="3.592" classname="Test.TestExecution"/>
</testsuite> <!-- Default test -->
