<?xml version="1.0" encoding="UTF-8"?>
<!-- Generated by org.testng.reporters.JUnitXMLReporter -->
<testsuite hostname="LEON-LT-181010E" name="Default test" tests="5" failures="0" timestamp="1 Apr 2019 16:52:29 GMT" time="43.636" errors="0">
  <testcase name="Logintest" time="4.627" classname="Test.TestExecution"/>
  <testcase name="Searchtest" time="12.235" classname="Test.TestExecution"/>
  <testcase name="CartTest" time="0.03" classname="Test.TestExecution"/>
  <testcase name="SearchAnotherProductTest" time="11.023" classname="Test.TestExecution"/>
  <testcase name="DeleteCartTest" time="2.554" classname="Test.TestExecution"/>
</testsuite> <!-- Default test -->
